{"C:\\Users\\huffpuff\\Desktop\\Projects\\rss-react\\src\\main.tsx": {"path":"C:\\Users\\huffpuff\\Desktop\\Projects\\rss-react\\src\\main.tsx","statementMap":{"0":{"start":{"line":6,"column":0},"end":{"line":10,"column":2}}},"fnMap":{},"branchMap":{},"s":{"0":0},"f":{},"b":{}}
,"C:\\Users\\huffpuff\\Desktop\\Projects\\rss-react\\src\\components\\app\\App.tsx": {"path":"C:\\Users\\huffpuff\\Desktop\\Projects\\rss-react\\src\\components\\app\\App.tsx","statementMap":{"0":{"start":{"line":7,"column":16},"end":{"line":7,"column":62}},"1":{"start":{"line":7,"column":27},"end":{"line":7,"column":61}},"2":{"start":{"line":8,"column":17},"end":{"line":8,"column":65}},"3":{"start":{"line":8,"column":28},"end":{"line":8,"column":64}},"4":{"start":{"line":9,"column":16},"end":{"line":9,"column":62}},"5":{"start":{"line":9,"column":27},"end":{"line":9,"column":61}},"6":{"start":{"line":11,"column":12},"end":{"line":28,"column":1}},"7":{"start":{"line":12,"column":2},"end":{"line":27,"column":4}}},"fnMap":{"0":{"name":"(anonymous_0)","decl":{"start":{"line":7,"column":21},"end":{"line":7,"column":22}},"loc":{"start":{"line":7,"column":27},"end":{"line":7,"column":61}},"line":7},"1":{"name":"(anonymous_1)","decl":{"start":{"line":8,"column":22},"end":{"line":8,"column":23}},"loc":{"start":{"line":8,"column":28},"end":{"line":8,"column":64}},"line":8},"2":{"name":"(anonymous_2)","decl":{"start":{"line":9,"column":21},"end":{"line":9,"column":22}},"loc":{"start":{"line":9,"column":27},"end":{"line":9,"column":61}},"line":9},"3":{"name":"(anonymous_3)","decl":{"start":{"line":11,"column":12},"end":{"line":11,"column":13}},"loc":{"start":{"line":11,"column":18},"end":{"line":28,"column":1}},"line":11}},"branchMap":{},"s":{"0":1,"1":0,"2":1,"3":1,"4":1,"5":0,"6":1,"7":1},"f":{"0":0,"1":1,"2":0,"3":1},"b":{},"_coverageSchema":"1a1c01bbd47fc00a2c39e90264f33305004495a9","hash":"67dd97df73870f0c7f71c7b0819715aa5a2fc9fd"}
,"C:\\Users\\huffpuff\\Desktop\\Projects\\rss-react\\src\\components\\appHeader\\AppHeader.tsx": {"path":"C:\\Users\\huffpuff\\Desktop\\Projects\\rss-react\\src\\components\\appHeader\\AppHeader.tsx","statementMap":{"0":{"start":{"line":5,"column":18},"end":{"line":29,"column":1}},"1":{"start":{"line":6,"column":20},"end":{"line":6,"column":99}},"2":{"start":{"line":6,"column":62},"end":{"line":6,"column":98}},"3":{"start":{"line":8,"column":2},"end":{"line":28,"column":4}}},"fnMap":{"0":{"name":"(anonymous_0)","decl":{"start":{"line":5,"column":18},"end":{"line":5,"column":19}},"loc":{"start":{"line":5,"column":24},"end":{"line":29,"column":1}},"line":5},"1":{"name":"(anonymous_1)","decl":{"start":{"line":6,"column":20},"end":{"line":6,"column":21}},"loc":{"start":{"line":6,"column":62},"end":{"line":6,"column":98}},"line":6}},"branchMap":{"0":{"loc":{"start":{"line":6,"column":62},"end":{"line":6,"column":98}},"type":"cond-expr","locations":[{"start":{"line":6,"column":73},"end":{"line":6,"column":93}},{"start":{"line":6,"column":96},"end":{"line":6,"column":98}}],"line":6}},"s":{"0":2,"1":2,"2":0,"3":2},"f":{"0":2,"1":0},"b":{"0":[0,0]},"_coverageSchema":"1a1c01bbd47fc00a2c39e90264f33305004495a9","hash":"849f707089b7a39daa5f5dc13f045fff73cc5fa0"}
,"C:\\Users\\huffpuff\\Desktop\\Projects\\rss-react\\src\\components\\comic\\Comic.tsx": {"path":"C:\\Users\\huffpuff\\Desktop\\Projects\\rss-react\\src\\components\\comic\\Comic.tsx","statementMap":{"0":{"start":{"line":11,"column":4},"end":{"line":11,"column":17}},"1":{"start":{"line":15,"column":77},"end":{"line":15,"column":93}},"2":{"start":{"line":16,"column":18},"end":{"line":16,"column":92}},"3":{"start":{"line":18,"column":4},"end":{"line":31,"column":6}}},"fnMap":{"0":{"name":"(anonymous_0)","decl":{"start":{"line":10,"column":2},"end":{"line":10,"column":3}},"loc":{"start":{"line":10,"column":29},"end":{"line":12,"column":3}},"line":10},"1":{"name":"(anonymous_1)","decl":{"start":{"line":14,"column":2},"end":{"line":14,"column":3}},"loc":{"start":{"line":14,"column":11},"end":{"line":32,"column":3}},"line":14}},"branchMap":{"0":{"loc":{"start":{"line":16,"column":18},"end":{"line":16,"column":92}},"type":"cond-expr","locations":[{"start":{"line":16,"column":45},"end":{"line":16,"column":56}},{"start":{"line":16,"column":59},"end":{"line":16,"column":92}}],"line":16}},"s":{"0":7,"1":7,"2":7,"3":7},"f":{"0":7,"1":7},"b":{"0":[7,0]},"_coverageSchema":"1a1c01bbd47fc00a2c39e90264f33305004495a9","hash":"fa79eb1aca253eebb4118625c3a9e9898149b1f8"}
,"C:\\Users\\huffpuff\\Desktop\\Projects\\rss-react\\src\\components\\comicsList\\ComicsList.tsx": {"path":"C:\\Users\\huffpuff\\Desktop\\Projects\\rss-react\\src\\components\\comicsList\\ComicsList.tsx","statementMap":{"0":{"start":{"line":16,"column":4},"end":{"line":16,"column":17}},"1":{"start":{"line":17,"column":4},"end":{"line":20,"column":6}},"2":{"start":{"line":24,"column":4},"end":{"line":24,"column":59}},"3":{"start":{"line":27,"column":19},"end":{"line":29,"column":3}},"4":{"start":{"line":28,"column":4},"end":{"line":28,"column":56}},"5":{"start":{"line":31,"column":16},"end":{"line":37,"column":3}},"6":{"start":{"line":32,"column":18},"end":{"line":34,"column":6}},"7":{"start":{"line":33,"column":6},"end":{"line":33,"column":50}},"8":{"start":{"line":36,"column":4},"end":{"line":36,"column":53}},"9":{"start":{"line":40,"column":36},"end":{"line":40,"column":46}},"10":{"start":{"line":42,"column":21},"end":{"line":42,"column":49}},"11":{"start":{"line":44,"column":20},"end":{"line":44,"column":48}},"12":{"start":{"line":45,"column":20},"end":{"line":45,"column":46}},"13":{"start":{"line":47,"column":4},"end":{"line":52,"column":6}}},"fnMap":{"0":{"name":"(anonymous_0)","decl":{"start":{"line":15,"column":2},"end":{"line":15,"column":3}},"loc":{"start":{"line":15,"column":29},"end":{"line":21,"column":3}},"line":15},"1":{"name":"(anonymous_1)","decl":{"start":{"line":23,"column":2},"end":{"line":23,"column":3}},"loc":{"start":{"line":23,"column":28},"end":{"line":25,"column":3}},"line":23},"2":{"name":"(anonymous_2)","decl":{"start":{"line":27,"column":19},"end":{"line":27,"column":20}},"loc":{"start":{"line":27,"column":45},"end":{"line":29,"column":3}},"line":27},"3":{"name":"(anonymous_3)","decl":{"start":{"line":31,"column":16},"end":{"line":31,"column":17}},"loc":{"start":{"line":31,"column":54},"end":{"line":37,"column":3}},"line":31},"4":{"name":"(anonymous_4)","decl":{"start":{"line":32,"column":26},"end":{"line":32,"column":27}},"loc":{"start":{"line":32,"column":36},"end":{"line":34,"column":5}},"line":32},"5":{"name":"(anonymous_5)","decl":{"start":{"line":39,"column":2},"end":{"line":39,"column":3}},"loc":{"start":{"line":39,"column":28},"end":{"line":53,"column":3}},"line":39}},"branchMap":{"0":{"loc":{"start":{"line":44,"column":20},"end":{"line":44,"column":48}},"type":"cond-expr","locations":[{"start":{"line":44,"column":30},"end":{"line":44,"column":41}},{"start":{"line":44,"column":44},"end":{"line":44,"column":48}}],"line":44},"1":{"loc":{"start":{"line":45,"column":20},"end":{"line":45,"column":46}},"type":"cond-expr","locations":[{"start":{"line":45,"column":31},"end":{"line":45,"column":39}},{"start":{"line":45,"column":42},"end":{"line":45,"column":46}}],"line":45}},"s":{"0":3,"1":3,"2":3,"3":3,"4":3,"5":3,"6":6,"7":6,"8":6,"9":6,"10":6,"11":6,"12":6,"13":6},"f":{"0":3,"1":3,"2":3,"3":6,"4":6,"5":6},"b":{"0":[3,3],"1":[3,3]},"_coverageSchema":"1a1c01bbd47fc00a2c39e90264f33305004495a9","hash":"050cae6ea949e5d08096502c04da948a265a021d"}
,"C:\\Users\\huffpuff\\Desktop\\Projects\\rss-react\\src\\components\\errorMessage\\ErrorMessage.tsx": {"path":"C:\\Users\\huffpuff\\Desktop\\Projects\\rss-react\\src\\components\\errorMessage\\ErrorMessage.tsx","statementMap":{"0":{"start":{"line":4,"column":21},"end":{"line":18,"column":1}},"1":{"start":{"line":5,"column":2},"end":{"line":17,"column":4}}},"fnMap":{"0":{"name":"(anonymous_0)","decl":{"start":{"line":4,"column":21},"end":{"line":4,"column":22}},"loc":{"start":{"line":4,"column":27},"end":{"line":18,"column":1}},"line":4}},"branchMap":{},"s":{"0":2,"1":2},"f":{"0":2},"b":{},"_coverageSchema":"1a1c01bbd47fc00a2c39e90264f33305004495a9","hash":"8eaa9b2cd617037820075b4614d6f81c4f3cff86"}
,"C:\\Users\\huffpuff\\Desktop\\Projects\\rss-react\\src\\components\\pages\\aboutUs\\AboutUs.tsx": {"path":"C:\\Users\\huffpuff\\Desktop\\Projects\\rss-react\\src\\components\\pages\\aboutUs\\AboutUs.tsx","statementMap":{"0":{"start":{"line":6,"column":16},"end":{"line":18,"column":1}},"1":{"start":{"line":7,"column":16},"end":{"line":7,"column":35}},"2":{"start":{"line":8,"column":2},"end":{"line":17,"column":4}}},"fnMap":{"0":{"name":"(anonymous_0)","decl":{"start":{"line":6,"column":16},"end":{"line":6,"column":17}},"loc":{"start":{"line":6,"column":22},"end":{"line":18,"column":1}},"line":6}},"branchMap":{},"s":{"0":1,"1":1,"2":1},"f":{"0":1},"b":{},"_coverageSchema":"1a1c01bbd47fc00a2c39e90264f33305004495a9","hash":"cfc553b4799e917b54de620fccf9d365cad51b68"}
,"C:\\Users\\huffpuff\\Desktop\\Projects\\rss-react\\src\\components\\pages\\mainPage\\MainPage.tsx": {"path":"C:\\Users\\huffpuff\\Desktop\\Projects\\rss-react\\src\\components\\pages\\mainPage\\MainPage.tsx","statementMap":{"0":{"start":{"line":5,"column":17},"end":{"line":12,"column":1}},"1":{"start":{"line":6,"column":2},"end":{"line":11,"column":4}}},"fnMap":{"0":{"name":"(anonymous_0)","decl":{"start":{"line":5,"column":17},"end":{"line":5,"column":18}},"loc":{"start":{"line":5,"column":23},"end":{"line":12,"column":1}},"line":5}},"branchMap":{},"s":{"0":2,"1":2},"f":{"0":2},"b":{},"_coverageSchema":"1a1c01bbd47fc00a2c39e90264f33305004495a9","hash":"176f901edcae97a521938ab98236e18a8299f674"}
,"C:\\Users\\huffpuff\\Desktop\\Projects\\rss-react\\src\\components\\pages\\page404\\Page404.tsx": {"path":"C:\\Users\\huffpuff\\Desktop\\Projects\\rss-react\\src\\components\\pages\\page404\\Page404.tsx","statementMap":{"0":{"start":{"line":6,"column":21},"end":{"line":6,"column":74}},"1":{"start":{"line":6,"column":32},"end":{"line":6,"column":73}},"2":{"start":{"line":8,"column":16},"end":{"line":29,"column":1}},"3":{"start":{"line":9,"column":2},"end":{"line":28,"column":4}}},"fnMap":{"0":{"name":"(anonymous_0)","decl":{"start":{"line":6,"column":26},"end":{"line":6,"column":27}},"loc":{"start":{"line":6,"column":32},"end":{"line":6,"column":73}},"line":6},"1":{"name":"(anonymous_1)","decl":{"start":{"line":8,"column":16},"end":{"line":8,"column":17}},"loc":{"start":{"line":8,"column":22},"end":{"line":29,"column":1}},"line":8}},"branchMap":{},"s":{"0":1,"1":1,"2":1,"3":2},"f":{"0":1,"1":2},"b":{},"_coverageSchema":"1a1c01bbd47fc00a2c39e90264f33305004495a9","hash":"39cc452813077741447b41e931ca1fbe62925219"}
,"C:\\Users\\huffpuff\\Desktop\\Projects\\rss-react\\src\\components\\searchPanel\\SearchPanel.tsx": {"path":"C:\\Users\\huffpuff\\Desktop\\Projects\\rss-react\\src\\components\\searchPanel\\SearchPanel.tsx","statementMap":{"0":{"start":{"line":5,"column":10},"end":{"line":7,"column":3}},"1":{"start":{"line":9,"column":27},"end":{"line":11,"column":3}},"2":{"start":{"line":10,"column":4},"end":{"line":10,"column":35}},"3":{"start":{"line":14,"column":18},"end":{"line":14,"column":40}},"4":{"start":{"line":15,"column":4},"end":{"line":15,"column":47}},"5":{"start":{"line":19,"column":4},"end":{"line":38,"column":6}},"6":{"start":{"line":32,"column":42},"end":{"line":32,"column":75}},"7":{"start":{"line":42,"column":13},"end":{"line":59,"column":1}},"8":{"start":{"line":43,"column":2},"end":{"line":58,"column":4}}},"fnMap":{"0":{"name":"(anonymous_0)","decl":{"start":{"line":9,"column":27},"end":{"line":9,"column":28}},"loc":{"start":{"line":9,"column":58},"end":{"line":11,"column":3}},"line":9},"1":{"name":"(anonymous_1)","decl":{"start":{"line":13,"column":2},"end":{"line":13,"column":3}},"loc":{"start":{"line":13,"column":31},"end":{"line":16,"column":3}},"line":13},"2":{"name":"(anonymous_2)","decl":{"start":{"line":18,"column":2},"end":{"line":18,"column":3}},"loc":{"start":{"line":18,"column":24},"end":{"line":39,"column":3}},"line":18},"3":{"name":"(anonymous_3)","decl":{"start":{"line":32,"column":26},"end":{"line":32,"column":27}},"loc":{"start":{"line":32,"column":42},"end":{"line":32,"column":75}},"line":32},"4":{"name":"(anonymous_4)","decl":{"start":{"line":42,"column":13},"end":{"line":42,"column":14}},"loc":{"start":{"line":42,"column":32},"end":{"line":59,"column":1}},"line":42}},"branchMap":{"0":{"loc":{"start":{"line":6,"column":17},"end":{"line":6,"column":58}},"type":"binary-expr","locations":[{"start":{"line":6,"column":17},"end":{"line":6,"column":52}},{"start":{"line":6,"column":56},"end":{"line":6,"column":58}}],"line":6}},"s":{"0":4,"1":4,"2":1,"3":4,"4":4,"5":5,"6":1,"7":3,"8":5},"f":{"0":1,"1":4,"2":5,"3":1,"4":5},"b":{"0":[4,3]},"_coverageSchema":"1a1c01bbd47fc00a2c39e90264f33305004495a9","hash":"a4d2f31713e4fb5cb7358e167e66e0b9a850de53"}
,"C:\\Users\\huffpuff\\Desktop\\Projects\\rss-react\\src\\components\\spinner\\Spinner.tsx": {"path":"C:\\Users\\huffpuff\\Desktop\\Projects\\rss-react\\src\\components\\spinner\\Spinner.tsx","statementMap":{"0":{"start":{"line":3,"column":16},"end":{"line":200,"column":1}},"1":{"start":{"line":4,"column":2},"end":{"line":199,"column":4}}},"fnMap":{"0":{"name":"(anonymous_0)","decl":{"start":{"line":3,"column":16},"end":{"line":3,"column":17}},"loc":{"start":{"line":3,"column":22},"end":{"line":200,"column":1}},"line":3}},"branchMap":{},"s":{"0":4,"1":5},"f":{"0":5},"b":{},"_coverageSchema":"1a1c01bbd47fc00a2c39e90264f33305004495a9","hash":"e58483a2f479ebc7c1aa132a372db8084c0c7321"}
}
