{"C:\\Users\\huffpuff\\Desktop\\Projects\\rss-react\\src\\main.tsx": {"path":"C:\\Users\\huffpuff\\Desktop\\Projects\\rss-react\\src\\main.tsx","statementMap":{"0":{"start":{"line":6,"column":0},"end":{"line":10,"column":2}}},"fnMap":{},"branchMap":{},"s":{"0":0},"f":{},"b":{}}
,"C:\\Users\\huffpuff\\Desktop\\Projects\\rss-react\\src\\components\\app\\App.tsx": {"path":"C:\\Users\\huffpuff\\Desktop\\Projects\\rss-react\\src\\components\\app\\App.tsx","statementMap":{"0":{"start":{"line":7,"column":16},"end":{"line":7,"column":54}},"1":{"start":{"line":7,"column":27},"end":{"line":7,"column":53}},"2":{"start":{"line":8,"column":17},"end":{"line":8,"column":56}},"3":{"start":{"line":8,"column":28},"end":{"line":8,"column":55}},"4":{"start":{"line":10,"column":12},"end":{"line":27,"column":1}},"5":{"start":{"line":11,"column":2},"end":{"line":26,"column":4}}},"fnMap":{"0":{"name":"(anonymous_0)","decl":{"start":{"line":7,"column":21},"end":{"line":7,"column":22}},"loc":{"start":{"line":7,"column":27},"end":{"line":7,"column":53}},"line":7},"1":{"name":"(anonymous_1)","decl":{"start":{"line":8,"column":22},"end":{"line":8,"column":23}},"loc":{"start":{"line":8,"column":28},"end":{"line":8,"column":55}},"line":8},"2":{"name":"(anonymous_2)","decl":{"start":{"line":10,"column":12},"end":{"line":10,"column":13}},"loc":{"start":{"line":10,"column":18},"end":{"line":27,"column":1}},"line":10}},"branchMap":{},"s":{"0":1,"1":0,"2":1,"3":1,"4":1,"5":1},"f":{"0":0,"1":1,"2":1},"b":{},"_coverageSchema":"1a1c01bbd47fc00a2c39e90264f33305004495a9","hash":"4f9c19804201a310f02b97f31dfbd10b2f911c78"}
,"C:\\Users\\huffpuff\\Desktop\\Projects\\rss-react\\src\\components\\appHeader\\AppHeader.tsx": {"path":"C:\\Users\\huffpuff\\Desktop\\Projects\\rss-react\\src\\components\\appHeader\\AppHeader.tsx","statementMap":{"0":{"start":{"line":5,"column":18},"end":{"line":29,"column":1}},"1":{"start":{"line":6,"column":20},"end":{"line":6,"column":99}},"2":{"start":{"line":6,"column":62},"end":{"line":6,"column":98}},"3":{"start":{"line":8,"column":2},"end":{"line":28,"column":4}}},"fnMap":{"0":{"name":"(anonymous_0)","decl":{"start":{"line":5,"column":18},"end":{"line":5,"column":19}},"loc":{"start":{"line":5,"column":24},"end":{"line":29,"column":1}},"line":5},"1":{"name":"(anonymous_1)","decl":{"start":{"line":6,"column":20},"end":{"line":6,"column":21}},"loc":{"start":{"line":6,"column":62},"end":{"line":6,"column":98}},"line":6}},"branchMap":{"0":{"loc":{"start":{"line":6,"column":62},"end":{"line":6,"column":98}},"type":"cond-expr","locations":[{"start":{"line":6,"column":73},"end":{"line":6,"column":93}},{"start":{"line":6,"column":96},"end":{"line":6,"column":98}}],"line":6}},"s":{"0":0,"1":0,"2":0,"3":0},"f":{"0":0,"1":0},"b":{"0":[0,0]}}
,"C:\\Users\\huffpuff\\Desktop\\Projects\\rss-react\\src\\components\\comic\\Comic.tsx": {"path":"C:\\Users\\huffpuff\\Desktop\\Projects\\rss-react\\src\\components\\comic\\Comic.tsx","statementMap":{"0":{"start":{"line":11,"column":4},"end":{"line":11,"column":17}},"1":{"start":{"line":15,"column":77},"end":{"line":15,"column":93}},"2":{"start":{"line":16,"column":18},"end":{"line":16,"column":92}},"3":{"start":{"line":18,"column":4},"end":{"line":31,"column":6}}},"fnMap":{"0":{"name":"(anonymous_0)","decl":{"start":{"line":10,"column":2},"end":{"line":10,"column":3}},"loc":{"start":{"line":10,"column":29},"end":{"line":12,"column":3}},"line":10},"1":{"name":"(anonymous_1)","decl":{"start":{"line":14,"column":2},"end":{"line":14,"column":3}},"loc":{"start":{"line":14,"column":11},"end":{"line":32,"column":3}},"line":14}},"branchMap":{"0":{"loc":{"start":{"line":16,"column":18},"end":{"line":16,"column":92}},"type":"cond-expr","locations":[{"start":{"line":16,"column":45},"end":{"line":16,"column":56}},{"start":{"line":16,"column":59},"end":{"line":16,"column":92}}],"line":16}},"s":{"0":3,"1":3,"2":3,"3":3},"f":{"0":3,"1":3},"b":{"0":[3,0]},"_coverageSchema":"1a1c01bbd47fc00a2c39e90264f33305004495a9","hash":"fa79eb1aca253eebb4118625c3a9e9898149b1f8"}
,"C:\\Users\\huffpuff\\Desktop\\Projects\\rss-react\\src\\components\\comicsList\\ComicsList.tsx": {"path":"C:\\Users\\huffpuff\\Desktop\\Projects\\rss-react\\src\\components\\comicsList\\ComicsList.tsx","statementMap":{"0":{"start":{"line":19,"column":4},"end":{"line":19,"column":17}},"1":{"start":{"line":20,"column":4},"end":{"line":23,"column":6}},"2":{"start":{"line":27,"column":4},"end":{"line":27,"column":59}},"3":{"start":{"line":31,"column":19},"end":{"line":33,"column":3}},"4":{"start":{"line":32,"column":4},"end":{"line":32,"column":56}},"5":{"start":{"line":35,"column":16},"end":{"line":41,"column":3}},"6":{"start":{"line":36,"column":18},"end":{"line":38,"column":6}},"7":{"start":{"line":37,"column":6},"end":{"line":37,"column":50}},"8":{"start":{"line":40,"column":4},"end":{"line":40,"column":53}},"9":{"start":{"line":44,"column":36},"end":{"line":44,"column":46}},"10":{"start":{"line":46,"column":21},"end":{"line":46,"column":49}},"11":{"start":{"line":48,"column":20},"end":{"line":48,"column":48}},"12":{"start":{"line":49,"column":20},"end":{"line":49,"column":46}},"13":{"start":{"line":51,"column":4},"end":{"line":56,"column":6}}},"fnMap":{"0":{"name":"(anonymous_0)","decl":{"start":{"line":18,"column":2},"end":{"line":18,"column":3}},"loc":{"start":{"line":18,"column":29},"end":{"line":24,"column":3}},"line":18},"1":{"name":"(anonymous_1)","decl":{"start":{"line":26,"column":2},"end":{"line":26,"column":3}},"loc":{"start":{"line":26,"column":28},"end":{"line":28,"column":3}},"line":26},"2":{"name":"(anonymous_2)","decl":{"start":{"line":31,"column":19},"end":{"line":31,"column":20}},"loc":{"start":{"line":31,"column":52},"end":{"line":33,"column":3}},"line":31},"3":{"name":"(anonymous_3)","decl":{"start":{"line":35,"column":16},"end":{"line":35,"column":17}},"loc":{"start":{"line":35,"column":61},"end":{"line":41,"column":3}},"line":35},"4":{"name":"(anonymous_4)","decl":{"start":{"line":36,"column":26},"end":{"line":36,"column":27}},"loc":{"start":{"line":36,"column":36},"end":{"line":38,"column":5}},"line":36},"5":{"name":"(anonymous_5)","decl":{"start":{"line":43,"column":2},"end":{"line":43,"column":3}},"loc":{"start":{"line":43,"column":28},"end":{"line":57,"column":3}},"line":43}},"branchMap":{"0":{"loc":{"start":{"line":48,"column":20},"end":{"line":48,"column":48}},"type":"cond-expr","locations":[{"start":{"line":48,"column":30},"end":{"line":48,"column":41}},{"start":{"line":48,"column":44},"end":{"line":48,"column":48}}],"line":48},"1":{"loc":{"start":{"line":49,"column":20},"end":{"line":49,"column":46}},"type":"cond-expr","locations":[{"start":{"line":49,"column":31},"end":{"line":49,"column":39}},{"start":{"line":49,"column":42},"end":{"line":49,"column":46}}],"line":49}},"s":{"0":1,"1":1,"2":1,"3":1,"4":1,"5":1,"6":2,"7":2,"8":2,"9":2,"10":2,"11":2,"12":2,"13":2},"f":{"0":1,"1":1,"2":1,"3":2,"4":2,"5":2},"b":{"0":[1,1],"1":[1,1]},"_coverageSchema":"1a1c01bbd47fc00a2c39e90264f33305004495a9","hash":"06b259980899d34cc394ff2c9821871e9f8f08f2"}
,"C:\\Users\\huffpuff\\Desktop\\Projects\\rss-react\\src\\components\\errorBoundary\\errorBoundary.tsx": {"path":"C:\\Users\\huffpuff\\Desktop\\Projects\\rss-react\\src\\components\\errorBoundary\\errorBoundary.tsx","statementMap":{"0":{"start":{"line":12,"column":10},"end":{"line":14,"column":3}},"1":{"start":{"line":16,"column":22},"end":{"line":21,"column":3}},"2":{"start":{"line":17,"column":4},"end":{"line":17,"column":34}},"3":{"start":{"line":18,"column":4},"end":{"line":20,"column":7}},"4":{"start":{"line":24,"column":4},"end":{"line":26,"column":5}},"5":{"start":{"line":25,"column":6},"end":{"line":25,"column":44}},"6":{"start":{"line":28,"column":4},"end":{"line":28,"column":31}}},"fnMap":{"0":{"name":"(anonymous_0)","decl":{"start":{"line":16,"column":22},"end":{"line":16,"column":23}},"loc":{"start":{"line":16,"column":62},"end":{"line":21,"column":3}},"line":16},"1":{"name":"(anonymous_1)","decl":{"start":{"line":23,"column":2},"end":{"line":23,"column":3}},"loc":{"start":{"line":23,"column":11},"end":{"line":29,"column":3}},"line":23}},"branchMap":{"0":{"loc":{"start":{"line":24,"column":4},"end":{"line":26,"column":5}},"type":"if","locations":[{"start":{"line":24,"column":4},"end":{"line":26,"column":5}},{"start":{},"end":{}}],"line":24}},"s":{"0":0,"1":0,"2":0,"3":0,"4":0,"5":0,"6":0},"f":{"0":0,"1":0},"b":{"0":[0,0]}}
,"C:\\Users\\huffpuff\\Desktop\\Projects\\rss-react\\src\\components\\errorMessage\\ErrorMessage.tsx": {"path":"C:\\Users\\huffpuff\\Desktop\\Projects\\rss-react\\src\\components\\errorMessage\\ErrorMessage.tsx","statementMap":{"0":{"start":{"line":4,"column":21},"end":{"line":18,"column":1}},"1":{"start":{"line":5,"column":2},"end":{"line":17,"column":4}}},"fnMap":{"0":{"name":"(anonymous_0)","decl":{"start":{"line":4,"column":21},"end":{"line":4,"column":22}},"loc":{"start":{"line":4,"column":27},"end":{"line":18,"column":1}},"line":4}},"branchMap":{},"s":{"0":0,"1":0},"f":{"0":0},"b":{}}
,"C:\\Users\\huffpuff\\Desktop\\Projects\\rss-react\\src\\components\\pages\\MainPage.tsx": {"path":"C:\\Users\\huffpuff\\Desktop\\Projects\\rss-react\\src\\components\\pages\\MainPage.tsx","statementMap":{"0":{"start":{"line":5,"column":17},"end":{"line":12,"column":1}},"1":{"start":{"line":6,"column":2},"end":{"line":11,"column":4}}},"fnMap":{"0":{"name":"(anonymous_0)","decl":{"start":{"line":5,"column":17},"end":{"line":5,"column":18}},"loc":{"start":{"line":5,"column":23},"end":{"line":12,"column":1}},"line":5}},"branchMap":{},"s":{"0":1,"1":1},"f":{"0":1},"b":{},"_coverageSchema":"1a1c01bbd47fc00a2c39e90264f33305004495a9","hash":"3fb15d1d0bf2c986d1e1f0eb470871a386d7a8a3"}
,"C:\\Users\\huffpuff\\Desktop\\Projects\\rss-react\\src\\components\\pages\\Page404.tsx": {"path":"C:\\Users\\huffpuff\\Desktop\\Projects\\rss-react\\src\\components\\pages\\Page404.tsx","statementMap":{"0":{"start":{"line":6,"column":21},"end":{"line":6,"column":71}},"1":{"start":{"line":6,"column":32},"end":{"line":6,"column":70}},"2":{"start":{"line":8,"column":16},"end":{"line":29,"column":1}},"3":{"start":{"line":9,"column":2},"end":{"line":28,"column":4}}},"fnMap":{"0":{"name":"(anonymous_0)","decl":{"start":{"line":6,"column":26},"end":{"line":6,"column":27}},"loc":{"start":{"line":6,"column":32},"end":{"line":6,"column":70}},"line":6},"1":{"name":"(anonymous_1)","decl":{"start":{"line":8,"column":16},"end":{"line":8,"column":17}},"loc":{"start":{"line":8,"column":22},"end":{"line":29,"column":1}},"line":8}},"branchMap":{},"s":{"0":0,"1":0,"2":0,"3":0},"f":{"0":0,"1":0},"b":{}}
,"C:\\Users\\huffpuff\\Desktop\\Projects\\rss-react\\src\\components\\searchPanel\\SearchPanel.tsx": {"path":"C:\\Users\\huffpuff\\Desktop\\Projects\\rss-react\\src\\components\\searchPanel\\SearchPanel.tsx","statementMap":{"0":{"start":{"line":5,"column":10},"end":{"line":7,"column":3}},"1":{"start":{"line":9,"column":27},"end":{"line":11,"column":3}},"2":{"start":{"line":10,"column":4},"end":{"line":10,"column":35}},"3":{"start":{"line":14,"column":18},"end":{"line":14,"column":40}},"4":{"start":{"line":16,"column":4},"end":{"line":16,"column":47}},"5":{"start":{"line":20,"column":24},"end":{"line":20,"column":59}},"6":{"start":{"line":22,"column":4},"end":{"line":40,"column":6}},"7":{"start":{"line":34,"column":42},"end":{"line":34,"column":75}},"8":{"start":{"line":44,"column":13},"end":{"line":61,"column":1}},"9":{"start":{"line":45,"column":2},"end":{"line":60,"column":4}}},"fnMap":{"0":{"name":"(anonymous_0)","decl":{"start":{"line":9,"column":27},"end":{"line":9,"column":28}},"loc":{"start":{"line":9,"column":58},"end":{"line":11,"column":3}},"line":9},"1":{"name":"(anonymous_1)","decl":{"start":{"line":13,"column":2},"end":{"line":13,"column":3}},"loc":{"start":{"line":13,"column":31},"end":{"line":17,"column":3}},"line":13},"2":{"name":"(anonymous_2)","decl":{"start":{"line":19,"column":2},"end":{"line":19,"column":3}},"loc":{"start":{"line":19,"column":24},"end":{"line":41,"column":3}},"line":19},"3":{"name":"(anonymous_3)","decl":{"start":{"line":34,"column":26},"end":{"line":34,"column":27}},"loc":{"start":{"line":34,"column":42},"end":{"line":34,"column":75}},"line":34},"4":{"name":"(anonymous_4)","decl":{"start":{"line":44,"column":13},"end":{"line":44,"column":14}},"loc":{"start":{"line":44,"column":32},"end":{"line":61,"column":1}},"line":44}},"branchMap":{"0":{"loc":{"start":{"line":33,"column":30},"end":{"line":33,"column":60}},"type":"cond-expr","locations":[{"start":{"line":33,"column":44},"end":{"line":33,"column":55}},{"start":{"line":33,"column":58},"end":{"line":33,"column":60}}],"line":33}},"s":{"0":0,"1":0,"2":0,"3":0,"4":0,"5":0,"6":0,"7":0,"8":0,"9":0},"f":{"0":0,"1":0,"2":0,"3":0,"4":0},"b":{"0":[0,0]}}
,"C:\\Users\\huffpuff\\Desktop\\Projects\\rss-react\\src\\components\\spinner\\Spinner.tsx": {"path":"C:\\Users\\huffpuff\\Desktop\\Projects\\rss-react\\src\\components\\spinner\\Spinner.tsx","statementMap":{"0":{"start":{"line":3,"column":16},"end":{"line":199,"column":1}},"1":{"start":{"line":4,"column":2},"end":{"line":198,"column":4}}},"fnMap":{"0":{"name":"(anonymous_0)","decl":{"start":{"line":3,"column":16},"end":{"line":3,"column":17}},"loc":{"start":{"line":3,"column":22},"end":{"line":199,"column":1}},"line":3}},"branchMap":{},"s":{"0":0,"1":0},"f":{"0":0},"b":{}}
}
